This is pdfTeX, Version 3.141592653-2.6-1.40.26 (MiKTeX 24.4) (preloaded format=pdflatex 2024.10.7)  2 JAN 2025 01:35
entering extended mode
 \write18 enabled.
 file:line:error style messages enabled.
 %&-line parsing enabled.
**c:/Users/gabri/Desktop/Uni/DL/Deep-Learning-Final-Project/Paper/main.tex
(c:/Users/gabri/Desktop/Uni/DL/Deep-Learning-Final-Project/Paper/main.tex
LaTeX2e <2024-06-01> patch level 1
L3 programming layer <2024-05-27>
(C:\Users\gabri\AppData\Local\Programs\MiKTeX\tex/latex/base\article.cls
Document Class: article 2024/02/08 v1.4n Standard LaTeX document class
(C:\Users\gabri\AppData\Local\Programs\MiKTeX\tex/latex/base\size10.clo
File: size10.clo 2024/02/08 v1.4n Standard LaTeX file (size option)
)
\c@part=\count194
\c@section=\count195
\c@subsection=\count196
\c@subsubsection=\count197
\c@paragraph=\count198
\c@subparagraph=\count199
\c@figure=\count266
\c@table=\count267
\abovecaptionskip=\skip49
\belowcaptionskip=\skip50
\bibindent=\dimen141
) (C:\Users\gabri\AppData\Local\Programs\MiKTeX\tex/latex/lipsum\lipsum.sty (C:\Users\gabri\AppData\Local\Programs\MiKTeX\tex/latex/l3packages/l3keys2e\l3keys2e.sty (C:\Users\gabri\AppData\Local\Programs\MiKTeX\tex/latex/l3kernel\expl3.sty
Package: expl3 2024-05-27 L3 programming layer (loader) 
 (C:\Users\gabri\AppData\Local\Programs\MiKTeX\tex/latex/l3backend\l3backend-pdftex.def
File: l3backend-pdftex.def 2024-05-08 L3 backend support: PDF output (pdfTeX)
\l__color_backend_stack_int=\count268
\l__pdf_internal_box=\box52
))
Package: l3keys2e 2024-05-08 LaTeX2e option processing using LaTeX3 keys
)
Package: lipsum 2021-09-20 v2.7 150 paragraphs of Lorem Ipsum dummy text
\g__lipsum_par_int=\count269
\l__lipsum_a_int=\count270
\l__lipsum_b_int=\count271
 (C:\Users\gabri\AppData\Local\Programs\MiKTeX\tex/latex/lipsum\lipsum.ltd.tex)) (C:\Users\gabri\AppData\Local\Programs\MiKTeX\tex/generic/babel\babel.sty
Package: babel 2024/06/02 v24.6 The Babel package
\babel@savecnt=\count272
\U@D=\dimen142
\l@unhyphenated=\language79
 (C:\Users\gabri\AppData\Local\Programs\MiKTeX\tex/generic/babel\txtbabel.def)
\bbl@readstream=\read2
\bbl@dirlevel=\count273

*************************************
* Local config file bblopts.cfg used
*
(C:\Users\gabri\AppData\Local\Programs\MiKTeX\tex/latex/arabi\bblopts.cfg
File: bblopts.cfg 2005/09/08 v0.1 add Arabic and Farsi to "declared" options of babel
) (C:\Users\gabri\AppData\Local\Programs\MiKTeX\tex/latex/babel-english\english.ldf
Language: english 2017/06/06 v3.3r English support from the babel system
Package babel Info: Hyphen rules for 'canadian' set to \l@english
(babel)             (\language0). Reported on input line 102.
Package babel Info: Hyphen rules for 'australian' set to \l@ukenglish
(babel)             (\language73). Reported on input line 105.
Package babel Info: Hyphen rules for 'newzealand' set to \l@ukenglish
(babel)             (\language73). Reported on input line 108.
)) (C:\Users\gabri\AppData\Local\Programs\MiKTeX\tex/generic/babel/locale/en\babel-english.tex
Package babel Info: Importing font and identification data for english
(babel)             from babel-en.ini. Reported on input line 11.
) (C:\Users\gabri\AppData\Local\Programs\MiKTeX\tex/latex/microtype\microtype.sty
Package: microtype 2024/03/29 v3.1b Micro-typographical refinements (RS)
 (C:\Users\gabri\AppData\Local\Programs\MiKTeX\tex/latex/graphics\keyval.sty
Package: keyval 2022/05/29 v1.15 key=value parser (DPC)
\KV@toks@=\toks17
) (C:\Users\gabri\AppData\Local\Programs\MiKTeX\tex/latex/etoolbox\etoolbox.sty
Package: etoolbox 2020/10/05 v2.5k e-TeX tools for LaTeX (JAW)
\etb@tempcnta=\count274
)
\MT@toks=\toks18
\MT@tempbox=\box53
\MT@count=\count275
LaTeX Info: Redefining \noprotrusionifhmode on input line 1061.
LaTeX Info: Redefining \leftprotrusion on input line 1062.
\MT@prot@toks=\toks19
LaTeX Info: Redefining \rightprotrusion on input line 1081.
LaTeX Info: Redefining \textls on input line 1392.
\MT@outer@kern=\dimen143
LaTeX Info: Redefining \textmicrotypecontext on input line 2013.
\MT@listname@count=\count276
 (C:\Users\gabri\AppData\Local\Programs\MiKTeX\tex/latex/microtype\microtype-pdftex.def
File: microtype-pdftex.def 2024/03/29 v3.1b Definitions specific to pdftex (RS)
LaTeX Info: Redefining \lsstyle on input line 902.
LaTeX Info: Redefining \lslig on input line 902.
\MT@outer@space=\skip51
)
Package microtype Info: Loading configuration file microtype.cfg.
 (C:\Users\gabri\AppData\Local\Programs\MiKTeX\tex/latex/microtype\microtype.cfg
File: microtype.cfg 2024/03/29 v3.1b microtype main configuration file (RS)
)) (C:\Users\gabri\AppData\Local\Programs\MiKTeX\tex/latex/amsmath\amsmath.sty
Package: amsmath 2024/05/23 v2.17q AMS math features
\@mathmargin=\skip52

For additional information on amsmath, use the `?' option.
(C:\Users\gabri\AppData\Local\Programs\MiKTeX\tex/latex/amsmath\amstext.sty
Package: amstext 2021/08/26 v2.01 AMS text
 (C:\Users\gabri\AppData\Local\Programs\MiKTeX\tex/latex/amsmath\amsgen.sty
File: amsgen.sty 1999/11/30 v2.0 generic functions
\@emptytoks=\toks20
\ex@=\dimen144
)) (C:\Users\gabri\AppData\Local\Programs\MiKTeX\tex/latex/amsmath\amsbsy.sty
Package: amsbsy 1999/11/29 v1.2d Bold Symbols
\pmbraise@=\dimen145
) (C:\Users\gabri\AppData\Local\Programs\MiKTeX\tex/latex/amsmath\amsopn.sty
Package: amsopn 2022/04/08 v2.04 operator names
)
\inf@bad=\count277
LaTeX Info: Redefining \frac on input line 233.
\uproot@=\count278
\leftroot@=\count279
LaTeX Info: Redefining \overline on input line 398.
LaTeX Info: Redefining \colon on input line 409.
\classnum@=\count280
\DOTSCASE@=\count281
LaTeX Info: Redefining \ldots on input line 495.
LaTeX Info: Redefining \dots on input line 498.
LaTeX Info: Redefining \cdots on input line 619.
\Mathstrutbox@=\box54
\strutbox@=\box55
LaTeX Info: Redefining \big on input line 721.
LaTeX Info: Redefining \Big on input line 722.
LaTeX Info: Redefining \bigg on input line 723.
LaTeX Info: Redefining \Bigg on input line 724.
\big@size=\dimen146
LaTeX Font Info:    Redeclaring font encoding OML on input line 742.
LaTeX Font Info:    Redeclaring font encoding OMS on input line 743.
\macc@depth=\count282
LaTeX Info: Redefining \bmod on input line 904.
LaTeX Info: Redefining \pmod on input line 909.
LaTeX Info: Redefining \smash on input line 939.
LaTeX Info: Redefining \relbar on input line 969.
LaTeX Info: Redefining \Relbar on input line 970.
\c@MaxMatrixCols=\count283
\dotsspace@=\muskip17
\c@parentequation=\count284
\dspbrk@lvl=\count285
\tag@help=\toks21
\row@=\count286
\column@=\count287
\maxfields@=\count288
\andhelp@=\toks22
\eqnshift@=\dimen147
\alignsep@=\dimen148
\tagshift@=\dimen149
\tagwidth@=\dimen150
\totwidth@=\dimen151
\lineht@=\dimen152
\@envbody=\toks23
\multlinegap=\skip53
\multlinetaggap=\skip54
\mathdisplay@stack=\toks24
LaTeX Info: Redefining \[ on input line 2953.
LaTeX Info: Redefining \] on input line 2954.
) (C:\Users\gabri\AppData\Local\Programs\MiKTeX\tex/latex/amsfonts\amsfonts.sty
Package: amsfonts 2013/01/14 v3.01 Basic AMSFonts support
\symAMSa=\mathgroup4
\symAMSb=\mathgroup5
LaTeX Font Info:    Redeclaring math symbol \hbar on input line 98.
LaTeX Font Info:    Overwriting math alphabet `\mathfrak' in version `bold'
(Font)                  U/euf/m/n --> U/euf/b/n on input line 106.
) (C:\Users\gabri\AppData\Local\Programs\MiKTeX\tex/latex/amscls\amsthm.sty
Package: amsthm 2020/05/29 v2.20.6
\thm@style=\toks25
\thm@bodyfont=\toks26
\thm@headfont=\toks27
\thm@notefont=\toks28
\thm@headpunct=\toks29
\thm@preskip=\skip55
\thm@postskip=\skip56
\thm@headsep=\skip57
\dth@everypar=\toks30
) (C:\Users\gabri\AppData\Local\Programs\MiKTeX\tex/latex/algorithms\algorithm.sty
Package: algorithm 2009/08/24 v0.1 Document Style `algorithm' - floating environment
 (C:\Users\gabri\AppData\Local\Programs\MiKTeX\tex/latex/float\float.sty
Package: float 2001/11/08 v1.3d Float enhancements (AL)
\c@float@type=\count289
\float@exts=\toks31
\float@box=\box56
\@float@everytoks=\toks32
\@floatcapt=\box57
) (C:\Users\gabri\AppData\Local\Programs\MiKTeX\tex/latex/base\ifthen.sty
Package: ifthen 2024/03/16 v1.1e Standard LaTeX ifthen package (DPC)
)
\@float@every@algorithm=\toks33
\c@algorithm=\count290
) (C:\Users\gabri\AppData\Local\Programs\MiKTeX\tex/latex/algorithmicx\algpseudocode.sty
Package: algpseudocode 
 (C:\Users\gabri\AppData\Local\Programs\MiKTeX\tex/latex/algorithmicx\algorithmicx.sty
Package: algorithmicx 2005/04/27 v1.2 Algorithmicx

Document Style algorithmicx 1.2 - a greatly improved `algorithmic' style
\c@ALG@line=\count291
\c@ALG@rem=\count292
\c@ALG@nested=\count293
\ALG@tlm=\skip58
\ALG@thistlm=\skip59
\c@ALG@Lnr=\count294
\c@ALG@blocknr=\count295
\c@ALG@storecount=\count296
\c@ALG@tmpcounter=\count297
\ALG@tmplength=\skip60
)
Document Style - pseudocode environments for use with the `algorithmicx' style
) (C:\Users\gabri\AppData\Local\Programs\MiKTeX\tex/latex/xcolor\xcolor.sty
Package: xcolor 2023/11/15 v3.01 LaTeX color extensions (UK)
 (C:\Users\gabri\AppData\Local\Programs\MiKTeX\tex/latex/graphics-cfg\color.cfg
File: color.cfg 2016/01/02 v1.6 sample color configuration
)
Package xcolor Info: Driver file: pdftex.def on input line 274.
 (C:\Users\gabri\AppData\Local\Programs\MiKTeX\tex/latex/graphics-def\pdftex.def
File: pdftex.def 2024/04/13 v1.2c Graphics/color driver for pdftex
) (C:\Users\gabri\AppData\Local\Programs\MiKTeX\tex/latex/graphics\mathcolor.ltx)
Package xcolor Info: Model `cmy' substituted by `cmy0' on input line 1350.
Package xcolor Info: Model `hsb' substituted by `rgb' on input line 1354.
Package xcolor Info: Model `RGB' extended on input line 1366.
Package xcolor Info: Model `HTML' substituted by `rgb' on input line 1368.
Package xcolor Info: Model `Hsb' substituted by `hsb' on input line 1369.
Package xcolor Info: Model `tHsb' substituted by `hsb' on input line 1370.
Package xcolor Info: Model `HSB' substituted by `hsb' on input line 1371.
Package xcolor Info: Model `Gray' substituted by `gray' on input line 1372.
Package xcolor Info: Model `wave' substituted by `hsb' on input line 1373.
) (C:\Users\gabri\AppData\Local\Programs\MiKTeX\tex/latex/xcolor\svgnam.def
File: svgnam.def 2023/11/15 v3.01 Predefined colors according to SVG 1.1 (UK)
) (C:\Users\gabri\AppData\Local\Programs\MiKTeX\tex/latex/caption\caption.sty
Package: caption 2023/08/05 v3.6o Customizing captions (AR)
 (C:\Users\gabri\AppData\Local\Programs\MiKTeX\tex/latex/caption\caption3.sty
Package: caption3 2023/07/31 v2.4d caption3 kernel (AR)
\caption@tempdima=\dimen153
\captionmargin=\dimen154
\caption@leftmargin=\dimen155
\caption@rightmargin=\dimen156
\caption@width=\dimen157
\caption@indent=\dimen158
\caption@parindent=\dimen159
\caption@hangindent=\dimen160
Package caption Info: Standard document class detected.
)
\c@caption@flags=\count298
\c@continuedfloat=\count299
Package caption Info: float package is loaded.
) (C:\Users\gabri\AppData\Local\Programs\MiKTeX\tex/latex/booktabs\booktabs.sty
Package: booktabs 2020/01/12 v1.61803398 Publication quality tables
\heavyrulewidth=\dimen161
\lightrulewidth=\dimen162
\cmidrulewidth=\dimen163
\belowrulesep=\dimen164
\belowbottomsep=\dimen165
\aboverulesep=\dimen166
\abovetopsep=\dimen167
\cmidrulesep=\dimen168
\cmidrulekern=\dimen169
\defaultaddspace=\dimen170
\@cmidla=\count300
\@cmidlb=\count301
\@aboverulesep=\dimen171
\@belowrulesep=\dimen172
\@thisruleclass=\count302
\@lastruleclass=\count303
\@thisrulewidth=\dimen173
) (C:\Users\gabri\AppData\Local\Programs\MiKTeX\tex/latex/base\fix-cm.sty
Package: fix-cm 2020/11/24 v1.1t fixes to LaTeX
 (C:\Users\gabri\AppData\Local\Programs\MiKTeX\tex/latex/base\ts1enc.def
File: ts1enc.def 2001/06/05 v3.0e (jk/car/fm) Standard LaTeX file
LaTeX Font Info:    Redeclaring font encoding TS1 on input line 47.
)) (C:\Users\gabri\AppData\Local\Programs\MiKTeX\tex/latex/bookmark\bookmark.sty
Package: bookmark 2023-12-10 v1.31 PDF bookmarks (HO)
 (C:\Users\gabri\AppData\Local\Programs\MiKTeX\tex/latex/hyperref\hyperref.sty
Package: hyperref 2024-05-23 v7.01i Hypertext links for LaTeX
 (C:\Users\gabri\AppData\Local\Programs\MiKTeX\tex/generic/iftex\iftex.sty
Package: iftex 2022/02/03 v1.0f TeX engine tests
) (C:\Users\gabri\AppData\Local\Programs\MiKTeX\tex/latex/kvsetkeys\kvsetkeys.sty
Package: kvsetkeys 2022-10-05 v1.19 Key value parser (HO)
) (C:\Users\gabri\AppData\Local\Programs\MiKTeX\tex/generic/kvdefinekeys\kvdefinekeys.sty
Package: kvdefinekeys 2019-12-19 v1.6 Define keys (HO)
) (C:\Users\gabri\AppData\Local\Programs\MiKTeX\tex/generic/pdfescape\pdfescape.sty
Package: pdfescape 2019/12/09 v1.15 Implements pdfTeX's escape features (HO)
 (C:\Users\gabri\AppData\Local\Programs\MiKTeX\tex/generic/ltxcmds\ltxcmds.sty
Package: ltxcmds 2023-12-04 v1.26 LaTeX kernel commands for general use (HO)
) (C:\Users\gabri\AppData\Local\Programs\MiKTeX\tex/generic/pdftexcmds\pdftexcmds.sty
Package: pdftexcmds 2020-06-27 v0.33 Utility functions of pdfTeX for LuaTeX (HO)
 (C:\Users\gabri\AppData\Local\Programs\MiKTeX\tex/generic/infwarerr\infwarerr.sty
Package: infwarerr 2019/12/03 v1.5 Providing info/warning/error messages (HO)
)
Package pdftexcmds Info: \pdf@primitive is available.
Package pdftexcmds Info: \pdf@ifprimitive is available.
Package pdftexcmds Info: \pdfdraftmode found.
)) (C:\Users\gabri\AppData\Local\Programs\MiKTeX\tex/latex/hycolor\hycolor.sty
Package: hycolor 2020-01-27 v1.10 Color options for hyperref/bookmark (HO)
) (C:\Users\gabri\AppData\Local\Programs\MiKTeX\tex/latex/hyperref\nameref.sty
Package: nameref 2023-11-26 v2.56 Cross-referencing by name of section
 (C:\Users\gabri\AppData\Local\Programs\MiKTeX\tex/latex/refcount\refcount.sty
Package: refcount 2019/12/15 v3.6 Data extraction from label references (HO)
) (C:\Users\gabri\AppData\Local\Programs\MiKTeX\tex/generic/gettitlestring\gettitlestring.sty
Package: gettitlestring 2019/12/15 v1.6 Cleanup title references (HO)
 (C:\Users\gabri\AppData\Local\Programs\MiKTeX\tex/latex/kvoptions\kvoptions.sty
Package: kvoptions 2022-06-15 v3.15 Key value format for package options (HO)
))
\c@section@level=\count304
) (C:\Users\gabri\AppData\Local\Programs\MiKTeX\tex/generic/stringenc\stringenc.sty
Package: stringenc 2019/11/29 v1.12 Convert strings between diff. encodings (HO)
)
\@linkdim=\dimen174
\Hy@linkcounter=\count305
\Hy@pagecounter=\count306
 (C:\Users\gabri\AppData\Local\Programs\MiKTeX\tex/latex/hyperref\pd1enc.def
File: pd1enc.def 2024-05-23 v7.01i Hyperref: PDFDocEncoding definition (HO)
Now handling font encoding PD1 ...
... no UTF-8 mapping file for font encoding PD1
) (C:\Users\gabri\AppData\Local\Programs\MiKTeX\tex/generic/intcalc\intcalc.sty
Package: intcalc 2019/12/15 v1.3 Expandable calculations with integers (HO)
)
\Hy@SavedSpaceFactor=\count307
 (C:\Users\gabri\AppData\Local\Programs\MiKTeX\tex/latex/hyperref\puenc.def
File: puenc.def 2024-05-23 v7.01i Hyperref: PDF Unicode definition (HO)
Now handling font encoding PU ...
... no UTF-8 mapping file for font encoding PU
)
Package hyperref Info: Hyper figures OFF on input line 4157.
Package hyperref Info: Link nesting OFF on input line 4162.
Package hyperref Info: Hyper index ON on input line 4165.
Package hyperref Info: Plain pages OFF on input line 4172.
Package hyperref Info: Backreferencing OFF on input line 4177.
Package hyperref Info: Implicit mode ON; LaTeX internals redefined.
Package hyperref Info: Bookmarks ON on input line 4424.
\c@Hy@tempcnt=\count308
 (C:\Users\gabri\AppData\Local\Programs\MiKTeX\tex/latex/url\url.sty
\Urlmuskip=\muskip18
Package: url 2013/09/16  ver 3.4  Verb mode for urls, etc.
)
LaTeX Info: Redefining \url on input line 4763.
\XeTeXLinkMargin=\dimen175
 (C:\Users\gabri\AppData\Local\Programs\MiKTeX\tex/generic/bitset\bitset.sty
Package: bitset 2019/12/09 v1.3 Handle bit-vector datatype (HO)
 (C:\Users\gabri\AppData\Local\Programs\MiKTeX\tex/generic/bigintcalc\bigintcalc.sty
Package: bigintcalc 2019/12/15 v1.5 Expandable calculations on big integers (HO)
))
\Fld@menulength=\count309
\Field@Width=\dimen176
\Fld@charsize=\dimen177
Package hyperref Info: Hyper figures OFF on input line 6042.
Package hyperref Info: Link nesting OFF on input line 6047.
Package hyperref Info: Hyper index ON on input line 6050.
Package hyperref Info: backreferencing OFF on input line 6057.
Package hyperref Info: Link coloring OFF on input line 6062.
Package hyperref Info: Link coloring with OCG OFF on input line 6067.
Package hyperref Info: PDF/A mode OFF on input line 6072.
 (C:\Users\gabri\AppData\Local\Programs\MiKTeX\tex/latex/base\atbegshi-ltx.sty
Package: atbegshi-ltx 2021/01/10 v1.0c Emulation of the original atbegshi
package with kernel methods
)
\Hy@abspage=\count310
\c@Item=\count311
\c@Hfootnote=\count312
)
Package hyperref Info: Driver (autodetected): hpdftex.
 (C:\Users\gabri\AppData\Local\Programs\MiKTeX\tex/latex/hyperref\hpdftex.def
File: hpdftex.def 2024-05-23 v7.01i Hyperref driver for pdfTeX
 (C:\Users\gabri\AppData\Local\Programs\MiKTeX\tex/latex/base\atveryend-ltx.sty
Package: atveryend-ltx 2020/08/19 v1.0a Emulation of the original atveryend package
with kernel methods
)
\Fld@listcount=\count313
\c@bookmark@seq@number=\count314
 (C:\Users\gabri\AppData\Local\Programs\MiKTeX\tex/latex/rerunfilecheck\rerunfilecheck.sty
Package: rerunfilecheck 2022-07-10 v1.10 Rerun checks for auxiliary files (HO)
 (C:\Users\gabri\AppData\Local\Programs\MiKTeX\tex/generic/uniquecounter\uniquecounter.sty
Package: uniquecounter 2019/12/15 v1.4 Provide unlimited unique counter (HO)
)
Package uniquecounter Info: New unique counter `rerunfilecheck' on input line 285.
)
\Hy@SectionHShift=\skip61
) (C:\Users\gabri\AppData\Local\Programs\MiKTeX\tex/latex/bookmark\bkm-pdftex.def
File: bkm-pdftex.def 2023-12-10 v1.31 bookmark driver for pdfTeX and luaTeX (HO)
\BKM@id=\count315
)) (C:\Users\gabri\AppData\Local\Programs\MiKTeX\tex/latex/enumitem\enumitem.sty
Package: enumitem 2019/06/20 v3.9 Customized lists
\labelindent=\skip62
\enit@outerparindent=\dimen178
\enit@toks=\toks34
\enit@inbox=\box58
\enit@count@id=\count316
\enitdp@description=\count317
) (C:\Users\gabri\AppData\Local\Programs\MiKTeX\tex/latex/parskip\parskip.sty
Package: parskip 2021-03-14 v2.0h non-zero parskip adjustments
) (C:\Users\gabri\AppData\Local\Programs\MiKTeX\tex/latex/minted\minted.sty
Package: minted 2023/12/18 v2.9 Yet another Pygments shim for LaTeX
 (C:\Users\gabri\AppData\Local\Programs\MiKTeX\tex/latex/fvextra\fvextra.sty
Package: fvextra 2024/05/16 v1.7.0 fvextra - extensions and patches for fancyvrb
 (C:\Users\gabri\AppData\Local\Programs\MiKTeX\tex/latex/fancyvrb\fancyvrb.sty
Package: fancyvrb 2024/01/20 4.5c verbatim text (tvz,hv)
\FV@CodeLineNo=\count318
\FV@InFile=\read3
\FV@TabBox=\box59
\c@FancyVerbLine=\count319
\FV@StepNumber=\count320
\FV@OutFile=\write3
) (C:\Users\gabri\AppData\Local\Programs\MiKTeX\tex/latex/upquote\upquote.sty
Package: upquote 2012/04/19 v1.3 upright-quote and grave-accent glyphs in verbatim
) (C:\Users\gabri\AppData\Local\Programs\MiKTeX\tex/latex/lineno\lineno.sty
Package: lineno 2023/05/20 line numbers on paragraphs v5.3
\linenopenalty=\count321
\output=\toks35
\linenoprevgraf=\count322
\linenumbersep=\dimen179
\linenumberwidth=\dimen180
\c@linenumber=\count323
\c@pagewiselinenumber=\count324
\c@LN@truepage=\count325
\c@internallinenumber=\count326
\c@internallinenumbers=\count327
\quotelinenumbersep=\dimen181
\bframerule=\dimen182
\bframesep=\dimen183
\bframebox=\box60
\linenoamsmath@ams@eqpen=\count328
LaTeX Info: Redefining \\ on input line 3180.
)
\c@FancyVerbWriteLine=\count329
\c@FancyVerbBufferIndex=\count330
\c@FancyVerbBufferLength=\count331
\c@FancyVerbBufferLine=\count332
\c@FV@oldbufferlength=\count333
\c@FV@TrueTabGroupLevel=\count334
\c@FV@TrueTabCounter=\count335
\FV@TabBox@Group=\box61
\FV@TmpLength=\skip63
\c@FV@HighlightLinesStart=\count336
\c@FV@HighlightLinesStop=\count337
\FV@LoopCount=\count338
\FV@NCharsBox=\box62
\FV@BreakIndent=\dimen184
\FV@BreakIndentNChars=\count339
\FV@BreakSymbolSepLeft=\dimen185
\FV@BreakSymbolSepLeftNChars=\count340
\FV@BreakSymbolSepRight=\dimen186
\FV@BreakSymbolSepRightNChars=\count341
\FV@BreakSymbolIndentLeft=\dimen187
\FV@BreakSymbolIndentLeftNChars=\count342
\FV@BreakSymbolIndentRight=\dimen188
\FV@BreakSymbolIndentRightNChars=\count343
\c@FancyVerbLineBreakLast=\count344
\FV@LineBox=\box63
\FV@LineIndentBox=\box64
\c@FV@BreakBufferDepth=\count345
\FV@LineWidth=\dimen189
) (C:\Users\gabri\AppData\Local\Programs\MiKTeX\tex/latex/tools\shellesc.sty
Package: shellesc 2023/07/08 v1.0d unified shell escape interface for LaTeX
Package shellesc Info: Unrestricted shell escape enabled on input line 75.
) (C:\Users\gabri\AppData\Local\Programs\MiKTeX\tex/latex/ifplatform\ifplatform.sty
Package: ifplatform 2017/10/13 v0.4a Testing for the operating system
 (C:\Users\gabri\AppData\Local\Programs\MiKTeX\tex/generic/catchfile\catchfile.sty
Package: catchfile 2019/12/09 v1.8 Catch the contents of a file (HO)
 (C:\Users\gabri\AppData\Local\Programs\MiKTeX\tex/generic/etexcmds\etexcmds.sty
Package: etexcmds 2019/12/15 v1.7 Avoid name clashes with e-TeX commands (HO)
)) (C:\Users\gabri\AppData\Local\Programs\MiKTeX\tex/generic/iftex\ifluatex.sty
Package: ifluatex 2019/10/25 v1.5 ifluatex legacy package. Use iftex instead.
)) (C:\Users\gabri\AppData\Local\Programs\MiKTeX\tex/latex/xstring\xstring.sty (C:\Users\gabri\AppData\Local\Programs\MiKTeX\tex/generic/xstring\xstring.tex
\xs_counta=\count346
\xs_countb=\count347
)
Package: xstring 2023/08/22 v1.86 String manipulations (CT)
) (C:\Users\gabri\AppData\Local\Programs\MiKTeX\tex/latex/framed\framed.sty
Package: framed 2011/10/22 v 0.96: framed or shaded text with page breaks
\OuterFrameSep=\skip64
\fb@frw=\dimen190
\fb@frh=\dimen191
\FrameRule=\dimen192
\FrameSep=\dimen193
)
\minted@appexistsfile=\read4
\minted@bgbox=\box65
\minted@code=\write4
\c@minted@FancyVerbLineTemp=\count348
\c@minted@pygmentizecounter=\count349
\@float@every@listing=\toks36
\c@listing=\count350
)
runsystem(if not exist _minted-main mkdir _minted-main)...executed.

 (C:\Users\gabri\AppData\Local\Programs\MiKTeX\tex/latex/tools\multicol.sty
Package: multicol 2024/05/23 v1.9h multicolumn formatting (FMi)
\c@tracingmulticols=\count351


Package multicol Warning: May not work with the twocolumn option on input line 139.

\mult@box=\box66
\multicol@leftmargin=\dimen194
\c@unbalance=\count352
\c@collectmore=\count353
\doublecol@number=\count354
\multicoltolerance=\count355
\multicolpretolerance=\count356
\full@width=\dimen195
\page@free=\dimen196
\premulticols=\dimen197
\postmulticols=\dimen198
\multicolsep=\skip65
\multicolbaselineskip=\skip66
\partial@page=\box67
\last@line=\box68
\mc@boxedresult=\box69
\maxbalancingoverflow=\dimen199
\mult@rightbox=\box70
\mult@grightbox=\box71
\mult@firstbox=\box72
\mult@gfirstbox=\box73
\@tempa=\box74
\@tempa=\box75
\@tempa=\box76
\@tempa=\box77
\@tempa=\box78
\@tempa=\box79
\@tempa=\box80
\@tempa=\box81
\@tempa=\box82
\@tempa=\box83
\@tempa=\box84
\@tempa=\box85
\@tempa=\box86
\@tempa=\box87
\@tempa=\box88
\@tempa=\box89
\@tempa=\box90
\@tempa=\box91
\@tempa=\box92
\@tempa=\box93
\@tempa=\box94
\@tempa=\box95
\@tempa=\box96
\@tempa=\box97
\@tempa=\box98
\@tempa=\box99
\@tempa=\box100
\@tempa=\box101
\@tempa=\box102
\@tempa=\box103
\@tempa=\box104
\@tempa=\box105
\@tempa=\box106
\@tempa=\box107
\@tempa=\box108
\@tempa=\box109
\c@minrows=\count357
\c@columnbadness=\count358
\c@finalcolumnbadness=\count359
\last@try=\dimen256
\multicolovershoot=\dimen257
\multicolundershoot=\dimen258
\mult@nat@firstbox=\box110
\colbreak@box=\box111
\mc@col@check@num=\count360
) (C:\Users\gabri\AppData\Local\Programs\MiKTeX\tex/latex/graphics\graphicx.sty
Package: graphicx 2021/09/16 v1.2d Enhanced LaTeX Graphics (DPC,SPQR)
 (C:\Users\gabri\AppData\Local\Programs\MiKTeX\tex/latex/graphics\graphics.sty
Package: graphics 2024/05/23 v1.4g Standard LaTeX Graphics (DPC,SPQR)
 (C:\Users\gabri\AppData\Local\Programs\MiKTeX\tex/latex/graphics\trig.sty
Package: trig 2023/12/02 v1.11 sin cos tan (DPC)
) (C:\Users\gabri\AppData\Local\Programs\MiKTeX\tex/latex/graphics-cfg\graphics.cfg
File: graphics.cfg 2016/06/04 v1.11 sample graphics configuration
)
Package graphics Info: Driver file: pdftex.def on input line 106.
)
\Gin@req@height=\dimen259
\Gin@req@width=\dimen260
) (C:\Users\gabri\AppData\Local\Programs\MiKTeX\tex/latex/sectsty\sectsty.sty
Package: sectsty 2002/02/25 v2.0.2 Commands to change all sectional heading styles


LaTeX Warning: Command \underbar  has changed.
               Check if current package is valid.


LaTeX Warning: Command \underline  has changed.
               Check if current package is valid.

) (C:\Users\gabri\AppData\Local\Programs\MiKTeX\tex/latex/fancyhdr\fancyhdr.sty
Package: fancyhdr 2024/04/23 v4.2 Extensive control of page headers and footers
\f@nch@headwidth=\skip67
\f@nch@O@elh=\skip68
\f@nch@O@erh=\skip69
\f@nch@O@olh=\skip70
\f@nch@O@orh=\skip71
\f@nch@O@elf=\skip72
\f@nch@O@erf=\skip73
\f@nch@O@olf=\skip74
\f@nch@O@orf=\skip75
) (C:\Users\gabri\AppData\Local\Programs\MiKTeX\tex/latex/lastpage\lastpage.sty
Package: lastpage 2024/04/27 v2.1a lastpage: 2.09 or 2e? (HMM)
 (C:\Users\gabri\AppData\Local\Programs\MiKTeX\tex/latex/lastpage\lastpage2e.sty
Package: lastpage2e 2024/04/27 v2.1a Decide which 2e lastpage version to use (HMM)
 (C:\Users\gabri\AppData\Local\Programs\MiKTeX\tex/latex/lastpage\lastpagemodern.sty
Package: lastpagemodern 2024-04-27 v2.1a Refers to last page's name (HMM; JPG)
\c@lastpagecount=\count361
) 
)) (C:\Users\gabri\AppData\Local\Programs\MiKTeX\tex/latex/lettrine\lettrine.sty
File: lettrine.sty 2024-01-20 v2.60 (Daniel Flipo)
 (C:\Users\gabri\AppData\Local\Programs\MiKTeX\tex/latex/l3packages/xfp\xfp.sty
Package: xfp 2024-05-08 L3 Floating point unit
)
\c@DefaultLines=\count362
\c@DefaultDepth=\count363
\DefaultFindent=\dimen261
\DefaultNindent=\dimen262
\DefaultSlope=\dimen263
\DiscardVskip=\dimen264
\L@lettrine=\box112
\L@lbox=\box113
\L@tbox=\box114
\c@L@lines=\count364
\c@L@depth=\count365
\L@Pindent=\dimen265
\L@Findent=\dimen266
\L@Nindent=\dimen267
\L@lraise=\dimen268
\L@first=\dimen269
\L@next=\dimen270
\L@slope=\dimen271
\L@height=\dimen272
\L@novskip=\dimen273
\L@ruleht=\dimen274
\L@target@ht=\dimen275
\L@target@dp=\dimen276
\L@target@tht=\dimen277
\LettrineWidth=\dimen278
\LettrineHeight=\dimen279
\LettrineDepth=\dimen280

Loading lettrine.cfg
(C:\Users\gabri\AppData\Local\Programs\MiKTeX\tex/latex/lettrine\lettrine.cfg)
\Llist@everypar=\toks37
) (C:\Users\gabri\AppData\Local\Programs\MiKTeX\tex/latex/titling\titling.sty
Package: titling 2009/09/04 v2.1d maketitle typesetting
\thanksmarkwidth=\skip76
\thanksmargin=\skip77
\droptitle=\skip78
)
runsystem(for ^%i in (pygmentize.exe pygmentize.bat pygmentize.cmd) do set > main.aex <nul: /p x=^%~$PATH:i>> main.aex)...executed.

runsystem(del main.aex)...executed.

 (main.aux)
\openout1 = `main.aux'.

LaTeX Font Info:    Checking defaults for OML/cmm/m/it on input line 70.
LaTeX Font Info:    ... okay on input line 70.
LaTeX Font Info:    Checking defaults for OMS/cmsy/m/n on input line 70.
LaTeX Font Info:    ... okay on input line 70.
LaTeX Font Info:    Checking defaults for OT1/cmr/m/n on input line 70.
LaTeX Font Info:    ... okay on input line 70.
LaTeX Font Info:    Checking defaults for T1/cmr/m/n on input line 70.
LaTeX Font Info:    ... okay on input line 70.
LaTeX Font Info:    Checking defaults for TS1/cmr/m/n on input line 70.
LaTeX Font Info:    ... okay on input line 70.
LaTeX Font Info:    Checking defaults for OMX/cmex/m/n on input line 70.
LaTeX Font Info:    ... okay on input line 70.
LaTeX Font Info:    Checking defaults for U/cmr/m/n on input line 70.
LaTeX Font Info:    ... okay on input line 70.
LaTeX Font Info:    Checking defaults for PD1/pdf/m/n on input line 70.
LaTeX Font Info:    ... okay on input line 70.
LaTeX Font Info:    Checking defaults for PU/pdf/m/n on input line 70.
LaTeX Font Info:    ... okay on input line 70.
LaTeX Info: Redefining \microtypecontext on input line 70.
Package microtype Info: Applying patch `item' on input line 70.
Package microtype Info: Applying patch `toc' on input line 70.
Package microtype Info: Applying patch `eqnum' on input line 70.
Package microtype Info: Applying patch `footnote' on input line 70.
Package microtype Info: Applying patch `verbatim' on input line 70.
Package microtype Info: Generating PDF output.
Package microtype Info: Character protrusion enabled (level 2).
Package microtype Info: Using default protrusion set `alltext'.
Package microtype Info: Automatic font expansion enabled (level 2),
(microtype)             stretch: 20, shrink: 20, step: 1, non-selected.
Package microtype Info: Using default expansion set `alltext-nott'.
LaTeX Info: Redefining \showhyphens on input line 70.
Package microtype Info: No adjustment of tracking.
Package microtype Info: No adjustment of interword spacing.
Package microtype Info: No adjustment of character kerning.
 (C:\Users\gabri\AppData\Local\Programs\MiKTeX\tex/latex/microtype\mt-cmr.cfg
File: mt-cmr.cfg 2013/05/19 v2.2 microtype config. file: Computer Modern Roman (RS)
) (C:\Users\gabri\AppData\Local\Programs\MiKTeX\tex/context/base/mkii\supp-pdf.mkii
[Loading MPS to PDF converter (version 2006.09.02).]
\scratchcounter=\count366
\scratchdimen=\dimen281
\scratchbox=\box115
\nofMPsegments=\count367
\nofMParguments=\count368
\everyMPshowfont=\toks38
\MPscratchCnt=\count369
\MPscratchDim=\dimen282
\MPnumerator=\count370
\makeMPintoPDFobject=\count371
\everyMPtoPDFconversion=\toks39
) (C:\Users\gabri\AppData\Local\Programs\MiKTeX\tex/latex/epstopdf-pkg\epstopdf-base.sty
Package: epstopdf-base 2020-01-24 v2.11 Base part for package epstopdf
Package epstopdf-base Info: Redefining graphics rule for `.eps' on input line 485.
 (C:\Users\gabri\AppData\Local\Programs\MiKTeX\tex/latex/00miktex\epstopdf-sys.cfg
File: epstopdf-sys.cfg 2021/03/18 v2.0 Configuration of epstopdf for MiKTeX
))
Package caption Info: Begin \AtBeginDocument code.
Package caption Info: hyperref package is loaded.
Package caption Info: End \AtBeginDocument code.
Package hyperref Info: Link coloring OFF on input line 70.

Couldn't patch \deferred@thm@head!
LaTeX Font Info:    Trying to load font information for OT1+phv on input line 71.
(C:\Users\gabri\AppData\Local\Programs\MiKTeX\tex/latex/psnfss\ot1phv.fd
File: ot1phv.fd 2020/03/25 scalable font definitions for OT1/phv.
)
Package microtype Info: Loading generic protrusion settings for font family
(microtype)             `phv' (encoding: OT1).
(microtype)             For optimal results, create family-specific settings.
(microtype)             See the microtype manual for details.
 (chapter/summary.tex) (chapter/Introduction.tex

Package microtype Info: Loading generic protrusion settings for font family
(microtype)             `cmtt' (encoding: OT1).
(microtype)             For optimal results, create family-specific settings.
(microtype)             See the microtype manual for details.

Underfull \hbox (badness 10000) in paragraph at lines 17--21
[]\OT1/cmtt/m/n/10 (Farhadi et al., 2009; Kumar et al.,
 []


Underfull \hbox (badness 10000) in paragraph at lines 17--21
\OT1/cmtt/m/n/10 2009; Parikh & Grauman, 2011; Lampert
 []


Underfull \hbox (badness 10000) in paragraph at lines 21--24
[]\OT1/cmtt/m/n/10 (Fu et al., 2014 ; Akata et al., 2015)\OT1/cmr/m/n/10 (+20) :
 []


Underfull \hbox (badness 10000) in paragraph at lines 32--34
[]\OT1/cmtt/m/n/10 (Goodfellow et al., 2014) & (also
 []


Underfull \hbox (badness 10000) in paragraph at lines 32--34
\OT1/cmtt/m/n/10 studied by Mirza & Osindero (2014) and
 []


Underfull \hbox (badness 10000) in paragraph at lines 35--36
[]\OT1/cmtt/m/n/10 LEARNING A SHARED RAPPRESENTAZIONE
 []


Underfull \vbox (badness 2418) has occurred while \output is active []



[1{C:/Users/gabri/AppData/Local/MiKTeX/fonts/map/pdftex/pdftex.map}{C:/Users/gabri/AppData/Local/Programs/MiKTeX/fonts/enc/dvips/base/8r.enc}


]
Underfull \hbox (badness 10000) in paragraph at lines 47--48
[]\OT1/cmtt/m/n/10 DEEP CONVOLUTIONAL DECODER NETWORK
 []


Underfull \hbox (badness 10000) in paragraph at lines 49--55
[]\OT1/cmtt/m/n/10 Dosovitskiy et al. (2015) & Yang et al.
 []


Underfull \hbox (badness 10000) in paragraph at lines 75--77
[]\OT1/cmtt/m/n/10 Vinyals et al. (2015), Mao et al.
 []


Underfull \hbox (badness 10000) in paragraph at lines 75--77
\OT1/cmtt/m/n/10 (2015), Karpathy & Li (2015), Donahue
 []



) (chapter/Datasets.tex
Underfull \hbox (badness 10000) in paragraph at lines 6--8
[]\OT1/cmtt/m/n/10 Caltech-UCSD Birds Database (Wah et al.,
 []


Underfull \hbox (badness 10000) in paragraph at lines 10--12
[]\OT1/cmtt/m/n/10 Test Dataset - MS COCO Dataset (Lin et
 []

) (chapter/How_to_reach_goal.tex

[2]) (chapter/Effective_problems.tex) (chapter/Current_Paper_Innovation.tex) (chapter/Background_Knowledge.tex

<./images/log.png, id=25, 461.725pt x 372.39125pt>
File: ./images/log.png Graphic file (type png)
<use ./images/log.png>
Package pdftex.def Info: ./images/log.png  used on input line 18.
(pdftex.def)             Requested size: 227.62204pt x 183.58133pt.
LaTeX Font Info:    Trying to load font information for U+msa on input line 21.
(C:\Users\gabri\AppData\Local\Programs\MiKTeX\tex/latex/amsfonts\umsa.fd
File: umsa.fd 2013/01/14 v3.01 AMS symbols A
) (C:\Users\gabri\AppData\Local\Programs\MiKTeX\tex/latex/microtype\mt-msa.cfg
File: mt-msa.cfg 2006/02/04 v1.1 microtype config. file: AMS symbols (a) (RS)
)
LaTeX Font Info:    Trying to load font information for U+msb on input line 21.
 (C:\Users\gabri\AppData\Local\Programs\MiKTeX\tex/latex/amsfonts\umsb.fd
File: umsb.fd 2013/01/14 v3.01 AMS symbols B
) (C:\Users\gabri\AppData\Local\Programs\MiKTeX\tex/latex/microtype\mt-msb.cfg
File: mt-msb.cfg 2005/06/01 v1.0 microtype config. file: AMS symbols (b) (RS)
)
Underfull \hbox (badness 10000) in paragraph at lines 40--53

 []


Underfull \hbox (badness 1874) in paragraph at lines 40--53
\OT1/cmr/m/n/10 (+20) So in de-tail the log func-tion of the first ex-
 []


Underfull \hbox (badness 1009) in paragraph at lines 40--53
\OT1/cmr/m/n/10 (+20) pected value must have as ar-gu-ments el-e-ments
 []


Underfull \hbox (badness 1769) in paragraph at lines 40--53
\OT1/cmr/m/n/10 (+20) sec-ond ex-pected value cal-cu-lates the dif-fer-ence
 []



[3 <./images/log.png>]



[4]) (chapter/Methodology.tex
Underfull \hbox (badness 10000) in paragraph at lines 27--32

 []





[5]

) (chapter/Architectures.tex

[6]
Underfull \hbox (badness 2762) in paragraph at lines 4--4
[][]\OT1/phv/b/n/12 (Vanilla GAN) : Gen-er-a-tive Ad-ver-sar-
 []



Package hyperref Info: bookmark level for unknown algorithm defaults to 0 on input line 59.
LaTeX Font Info:    Trying to load font information for OMS+cmr on input line 64.
(C:\Users\gabri\AppData\Local\Programs\MiKTeX\tex/latex/base\omscmr.fd
File: omscmr.fd 2023/04/13 v2.5m Standard LaTeX font definitions
)
LaTeX Font Info:    Font shape `OMS/cmr/m/n' in size <10> not available
(Font)              Font shape `OMS/cmsy/m/n' tried instead on input line 64.


[7]) (chapter/Style_Transfer.tex


Underfull \hbox (badness 4316) in paragraph at lines 1--1
[][]\OT1/phv/b/n/12 Generator In-ver-sion for Style Trans-
 []


Underfull \vbox (badness 10000) has occurred while \output is active []



[8]) (chapter/Paper_Experiments.tex



[9]
Underfull \hbox (badness 6893) in paragraph at lines 52--53
[]\OT1/cmr/m/n/10 (+20) Generator noise: Sam-pled from a 100-
 []

) (chapter/Qualitative_result.tex


Underfull \hbox (badness 1009) in paragraph at lines 26--27
[]\OT1/cmr/m/n/10 (+20) Other mod-els, such as \OT1/cmr/bx/n/10 (+20) GAN-CLS\OT1/cmr/m/n/10 (+20) , \OT1/cmr/bx/n/10 (+20) GAN-
 []



[10]) (chapter/Disentangling_Style_and_Content.tex

) (chapter/Pose_and_background_transfer_style.tex
Underfull \hbox (badness 10000) in paragraph at lines 1--1
[][]\OT1/phv/b/n/12 Pose and Back-ground Style Trans-
 []

) (chapter/Sentence_Interpolation.tex
Underfull \hbox (badness 1303) in paragraph at lines 3--1
\OT1/cmr/m/n/10 (+20) GAN-INT-CLS, when com-bined with a trained
 []


Underfull \hbox (badness 1132) in paragraph at lines 3--1
\OT1/cmr/m/n/10 (+20) com-bine pre-vi-ously ob-served con-tent (e.g., text
 []


Underfull \hbox (badness 10000) in paragraph at lines 3--1

 []



[11]) (chapter/Training_on_other_datasets_MOCO.tex) (chapter/Conclusion.tex
Underfull \hbox (badness 1888) in paragraph at lines 3--1
\OT1/cmr/m/n/10 (+20) While GAN-CLS pro-duces sharper and higher-
 []



) (chapter/Code.tex
Underfull \hbox (badness 10000) in paragraph at lines 3--48

 []


Underfull \vbox (badness 10000) has occurred while \output is active []



[12]


Underfull \hbox (badness 10000) in paragraph at lines 48--48
[][]\OT1/phv/b/n/14.4 WGAN on FASHION-MNIST
 []


Underfull \hbox (badness 1831) in paragraph at lines 49--65
\OT1/cmr/m/n/10 (+20) We try also to con-duce some ex-per-i-ments on
 []


Underfull \hbox (badness 5431) in paragraph at lines 49--65
\OT1/cmr/m/n/10 (+20) train-ing the Net ad-dress-ing the prob-lem to
 []


Underfull \hbox (badness 10000) in paragraph at lines 49--65

 []


Underfull \hbox (badness 10000) in paragraph at lines 66--72

 []


Underfull \vbox (badness 10000) has occurred while \output is active []



[13]


Underfull \hbox (badness 10000) in paragraph at lines 123--148

 []



[14]
<./images/loss_D_G.png, id=163, 722.7pt x 433.62pt>
File: ./images/loss_D_G.png Graphic file (type png)
<use ./images/loss_D_G.png>
Package pdftex.def Info: ./images/loss_D_G.png  used on input line 174.
(pdftex.def)             Requested size: 227.62204pt x 136.57117pt.


LaTeX Warning: `!h' float specifier changed to `!ht'.



<images/Epochs.png, id=165, 698.1282pt x 714.7503pt>
File: images/Epochs.png Graphic file (type png)
<use images/Epochs.png>
Package pdftex.def Info: images/Epochs.png  used on input line 191.
(pdftex.def)             Requested size: 187.59714pt x 192.05814pt.
)

[15 <./images/loss_D_G.png> <./images/Epochs.png>] 
enddocument/afterlastpage: lastpage setting LastPage.
(main.aux)
 ***********
LaTeX2e <2024-06-01> patch level 1
L3 programming layer <2024-05-27>
 ***********
 ) 
Here is how much of TeX's memory you used:
 20246 strings out of 473920
 360346 string characters out of 5726974
 1947908 words of memory out of 5000000
 42506 multiletter control sequences out of 15000+600000
 576441 words of font info for 137 fonts, out of 8000000 for 9000
 1141 hyphenation exceptions out of 8191
 89i,12n,93p,1065b,634s stack positions out of 10000i,1000n,20000p,200000b,200000s
 <C:\Users\gabri\AppData\Local\MiKTeX\fonts/pk/ljfour/jknappen/ec/dpi600\tcrm1000.pk><C:/Users/gabri/AppData/Local/Programs/MiKTeX/fonts/type1/public/amsfonts/cm/cmbx10.pfb><C:/Users/gabri/AppData/Local/Programs/MiKTeX/fonts/type1/public/amsfonts/cm/cmbx9.pfb><C:/Users/gabri/AppData/Local/Programs/MiKTeX/fonts/type1/public/amsfonts/cm/cmex10.pfb><C:/Users/gabri/AppData/Local/Programs/MiKTeX/fonts/type1/public/amsfonts/cm/cmmi10.pfb><C:/Users/gabri/AppData/Local/Programs/MiKTeX/fonts/type1/public/amsfonts/cm/cmmi5.pfb><C:/Users/gabri/AppData/Local/Programs/MiKTeX/fonts/type1/public/amsfonts/cm/cmmi7.pfb><C:/Users/gabri/AppData/Local/Programs/MiKTeX/fonts/type1/public/amsfonts/cm/cmr10.pfb><C:/Users/gabri/AppData/Local/Programs/MiKTeX/fonts/type1/public/amsfonts/cm/cmr5.pfb><C:/Users/gabri/AppData/Local/Programs/MiKTeX/fonts/type1/public/amsfonts/cm/cmr7.pfb><C:/Users/gabri/AppData/Local/Programs/MiKTeX/fonts/type1/public/amsfonts/cm/cmr8.pfb><C:/Users/gabri/AppData/Local/Programs/MiKTeX/fonts/type1/public/amsfonts/cm/cmsy10.pfb><C:/Users/gabri/AppData/Local/Programs/MiKTeX/fonts/type1/public/amsfonts/cm/cmsy7.pfb><C:/Users/gabri/AppData/Local/Programs/MiKTeX/fonts/type1/public/amsfonts/cm/cmti10.pfb><C:/Users/gabri/AppData/Local/Programs/MiKTeX/fonts/type1/public/amsfonts/cm/cmti9.pfb><C:/Users/gabri/AppData/Local/Programs/MiKTeX/fonts/type1/public/amsfonts/cm/cmtt10.pfb><C:/Users/gabri/AppData/Local/Programs/MiKTeX/fonts/type1/public/amsfonts/symbols/msbm10.pfb><C:/Users/gabri/AppData/Local/Programs/MiKTeX/fonts/type1/urw/helvetic/uhvb8a.pfb><C:/Users/gabri/AppData/Local/Programs/MiKTeX/fonts/type1/urw/helvetic/uhvro8a.pfb>
Output written on main.pdf (15 pages, 367057 bytes).
PDF statistics:
 276 PDF objects out of 1000 (max. 8388607)
 86 named destinations out of 1000 (max. 500000)
 32272 words of extra memory for PDF output out of 35830 (max. 10000000)

